2025-02-10 11:32:22,942 - INFO: Start running DDP on rank 0

2025-02-10 11:32:22,942 - INFO: Start running DDP on rank 2

2025-02-10 11:32:22,943 - INFO: Start running DDP on rank 1

2025-02-10 11:32:22,943 - INFO: Start running DDP on rank 3

2025-02-10 11:32:26,414 - INFO: rank 3: reading samples..

2025-02-10 11:32:26,464 - INFO: rank 2: reading samples..

2025-02-10 11:32:26,468 - INFO: rank 3: preparing samples..

2025-02-10 11:32:26,469 - INFO: rank 0: reading samples..

2025-02-10 11:32:26,497 - INFO: rank 1: reading samples..

2025-02-10 11:32:26,540 - INFO: rank 3: starting training..

2025-02-10 11:32:26,544 - INFO: rank 0: preparing samples..

2025-02-10 11:32:26,552 - INFO: rank 2: preparing samples..

2025-02-10 11:32:26,566 - INFO: rank 0: starting training..

2025-02-10 11:32:26,591 - INFO: rank 2: starting training..

2025-02-10 11:32:26,593 - INFO: rank 1: preparing samples..

2025-02-10 11:32:26,624 - INFO: rank 1: starting training..

2025-02-10 11:34:51,082 - INFO: rank 1: ...finished.

2025-02-10 11:34:51,083 - INFO: rank 0: ...finished.

2025-02-10 11:34:51,086 - INFO: rank 2: ...finished.

2025-02-10 11:34:51,088 - INFO: rank 3: ...finished.

2025-02-10 11:34:51,673 - INFO: Saving data..

2025-02-10 11:34:51,675 - INFO: Used Parameters

+---------------------+--------------------+
| param               | value              |
+=====================+====================+
| device              | cuda:0             |
+---------------------+--------------------+
| L (lattice size)    | 64                 |
+---------------------+--------------------+
| beta (coupling cst) | 4.0                |
+---------------------+--------------------+
| n (dimC CP)         | 2                  |
+---------------------+--------------------+
| dim_g               | 8                  |
+---------------------+--------------------+
| lr (learning rate)  | 1e-05              |
+---------------------+--------------------+
| batch size          | 128                |
+---------------------+--------------------+
| loss_fct            | rlogloss           |
+---------------------+--------------------+
| epochs              | 1000               |
+---------------------+--------------------+
| obs                 | LatTwoPt           |
+---------------------+--------------------+
| (p,q)               | ((8, 8), (16, 16)) |
+---------------------+--------------------+
| (i,j)               | (0, 1)             |
+---------------------+--------------------+
| (k,l)               | (0, 1)             |
+---------------------+--------------------+

