2025-02-10 11:44:50,644 - INFO: Start running DDP on rank 2

2025-02-10 11:44:50,644 - INFO: Start running DDP on rank 1

2025-02-10 11:44:50,644 - INFO: Start running DDP on rank 0

2025-02-10 11:44:50,645 - INFO: Start running DDP on rank 3

2025-02-10 11:44:54,140 - INFO: rank 2: reading samples..

2025-02-10 11:44:54,151 - INFO: rank 3: reading samples..

2025-02-10 11:44:54,198 - INFO: rank 2: preparing samples..

2025-02-10 11:44:54,206 - INFO: rank 3: preparing samples..

2025-02-10 11:44:54,221 - INFO: rank 2: starting training..

2025-02-10 11:44:54,224 - INFO: rank 0: reading samples..

2025-02-10 11:44:54,231 - INFO: rank 3: starting training..

2025-02-10 11:44:54,251 - INFO: rank 1: reading samples..

2025-02-10 11:44:54,314 - INFO: rank 0: preparing samples..

2025-02-10 11:44:54,346 - INFO: rank 0: starting training..

2025-02-10 11:44:54,362 - INFO: rank 1: preparing samples..

2025-02-10 11:44:54,406 - INFO: rank 1: starting training..

2025-02-10 11:47:19,027 - INFO: rank 3: ...finished.

2025-02-10 11:47:19,029 - INFO: rank 1: ...finished.

2025-02-10 11:47:19,029 - INFO: rank 2: ...finished.

2025-02-10 11:47:19,030 - INFO: rank 0: ...finished.

2025-02-10 11:47:19,659 - INFO: Saving data..

2025-02-10 11:47:19,660 - INFO: Used Parameters

+---------------------+--------------------+
| param               | value              |
+=====================+====================+
| device              | cuda:0             |
+---------------------+--------------------+
| L (lattice size)    | 64                 |
+---------------------+--------------------+
| beta (coupling cst) | 4.0                |
+---------------------+--------------------+
| n (dimC CP)         | 2                  |
+---------------------+--------------------+
| dim_g               | 8                  |
+---------------------+--------------------+
| lr (learning rate)  | 1e-05              |
+---------------------+--------------------+
| batch size          | 128                |
+---------------------+--------------------+
| loss_fct            | rlogloss           |
+---------------------+--------------------+
| epochs              | 1000               |
+---------------------+--------------------+
| obs                 | LatTwoPt           |
+---------------------+--------------------+
| (p,q)               | ((8, 8), (16, 16)) |
+---------------------+--------------------+
| (i,j)               | (0, 1)             |
+---------------------+--------------------+
| (k,l)               | (0, 1)             |
+---------------------+--------------------+

