2025-02-15 17:42:18,656 - INFO: Used Parameters

+---------------------+-------------+
| param               | value       |
+=====================+=============+
| device              | cpu         |
+---------------------+-------------+
| beta (coupling cst) | 4.5         |
+---------------------+-------------+
| n (dimC CP)         | 2           |
+---------------------+-------------+
| dim_g               | 8           |
+---------------------+-------------+
| lr (learning rate)  | 1e-05       |
+---------------------+-------------+
| batch size          | 1024        |
+---------------------+-------------+
| loss_fn             | rlogloss    |
+---------------------+-------------+
| epochs              | 1000        |
+---------------------+-------------+
| obs                 | ToyFuzzyOne |
+---------------------+-------------+
| (i,j)               | (0, 1)      |
+---------------------+-------------+

