2025-02-12 18:44:39,264 - INFO: Used Parameters

+---------------------+------------------+
| param               | value            |
+=====================+==================+
| device              | cuda:0           |
+---------------------+------------------+
| L (lattice size)    | 64               |
+---------------------+------------------+
| beta (coupling cst) | 4.0              |
+---------------------+------------------+
| n (dimC CP)         | 2                |
+---------------------+------------------+
| dim_g               | 8                |
+---------------------+------------------+
| lr (learning rate)  | 1e-05            |
+---------------------+------------------+
| batch size          | 128              |
+---------------------+------------------+
| loss_fn             | rlogloss         |
+---------------------+------------------+
| epochs              | 1000             |
+---------------------+------------------+
| obs                 | LatTwoPt         |
+---------------------+------------------+
| (p,q)               | ((8, 8), (8, 9)) |
+---------------------+------------------+
| (i,j)               | (0, 1)           |
+---------------------+------------------+
| (k,l)               | (0, 1)           |
+---------------------+------------------+

