2025-02-14 19:14:16,341 - INFO: Used Parameters

+---------------------+------------------+
| param               | value            |
+=====================+==================+
| device              | cuda:0           |
+---------------------+------------------+
| L (lattice size)    | 64               |
+---------------------+------------------+
| beta (coupling cst) | 4.0              |
+---------------------+------------------+
| n (dimC CP)         | 2                |
+---------------------+------------------+
| dim_g               | 8                |
+---------------------+------------------+
| lr (learning rate)  | 1e-05            |
+---------------------+------------------+
| batch size          | 256              |
+---------------------+------------------+
| loss_fn             | rloss            |
+---------------------+------------------+
| epochs              | 10000            |
+---------------------+------------------+
| obs                 | LatTwoPt         |
+---------------------+------------------+
| (p,q)               | ((8, 8), (8, 9)) |
+---------------------+------------------+
| (i,j)               | (0, 1)           |
+---------------------+------------------+
| (k,l)               | (0, 1)           |
+---------------------+------------------+
| SLURM_JOB_ID        | 48886            |
+---------------------+------------------+

