2025-02-10 17:04:14,583 - INFO: Start running DDP on rank 1

2025-02-10 17:04:14,583 - INFO: Start running DDP on rank 2

2025-02-10 17:04:14,583 - INFO: Start running DDP on rank 0

2025-02-10 17:04:14,583 - INFO: Start running DDP on rank 3

2025-02-10 17:04:39,329 - INFO: rank 3: reading samples..

2025-02-10 17:04:39,329 - INFO: rank 2: reading samples..

2025-02-10 17:04:39,329 - INFO: rank 0: reading samples..

2025-02-10 17:04:39,330 - INFO: rank 1: reading samples..

2025-02-10 17:04:39,782 - INFO: rank 1: preparing samples..

2025-02-10 17:04:39,784 - INFO: rank 0: preparing samples..

2025-02-10 17:04:39,790 - INFO: rank 3: preparing samples..

2025-02-10 17:04:39,792 - INFO: rank 2: preparing samples..

2025-02-10 17:04:39,990 - INFO: rank 1: starting training..

2025-02-10 17:04:39,990 - INFO: rank 3: starting training..

2025-02-10 17:04:39,990 - INFO: rank 2: starting training..

2025-02-10 17:04:39,991 - INFO: rank 0: starting training..

2025-02-10 17:58:49,189 - INFO: rank 1: ...finished.

2025-02-10 17:58:49,206 - INFO: rank 0: ...finished.

2025-02-10 17:58:49,207 - INFO: rank 2: ...finished.

2025-02-10 17:58:49,217 - INFO: rank 3: ...finished.

2025-02-10 17:58:49,849 - INFO: Saving data..

2025-02-10 17:58:49,851 - INFO: Used Parameters

+---------------------+--------------------+
| param               | value              |
+=====================+====================+
| device              | cuda:0             |
+---------------------+--------------------+
| L (lattice size)    | 64                 |
+---------------------+--------------------+
| beta (coupling cst) | 4.0                |
+---------------------+--------------------+
| n (dimC CP)         | 2                  |
+---------------------+--------------------+
| dim_g               | 8                  |
+---------------------+--------------------+
| lr (learning rate)  | 1e-05              |
+---------------------+--------------------+
| batch size          | 128                |
+---------------------+--------------------+
| loss_fct            | rlogloss           |
+---------------------+--------------------+
| epochs              | 25000              |
+---------------------+--------------------+
| obs                 | LatTwoPt           |
+---------------------+--------------------+
| (p,q)               | ((8, 8), (16, 16)) |
+---------------------+--------------------+
| (i,j)               | (0, 1)             |
+---------------------+--------------------+
| (k,l)               | (0, 1)             |
+---------------------+--------------------+

