2025-02-15 17:31:01,481 - INFO: Used Parameters

+---------------------+----------+
| param               | value    |
+=====================+==========+
| device              | cpu      |
+---------------------+----------+
| beta (coupling cst) | 4.5      |
+---------------------+----------+
| n (dimC CP)         | 2        |
+---------------------+----------+
| dim_g               | 8        |
+---------------------+----------+
| lr (learning rate)  | 1e-05    |
+---------------------+----------+
| batch size          | 1024     |
+---------------------+----------+
| loss_fn             | rlogloss |
+---------------------+----------+
| epochs              | 1000     |
+---------------------+----------+
| obs                 | ToyOnePt |
+---------------------+----------+
| (i,j)               | (0, 1)   |
+---------------------+----------+

