2025-02-13 17:52:13,009 - INFO: Used Parameters

+---------------------+------------------+
| param               | value            |
+=====================+==================+
| device              | cuda:0           |
+---------------------+------------------+
| L (lattice size)    | 64               |
+---------------------+------------------+
| beta (coupling cst) | 4.0              |
+---------------------+------------------+
| n (dimC CP)         | 2                |
+---------------------+------------------+
| dim_g               | 8                |
+---------------------+------------------+
| lr (learning rate)  | 1e-05            |
+---------------------+------------------+
| batch size          | 1024             |
+---------------------+------------------+
| loss_fn             | rloss            |
+---------------------+------------------+
| epochs              | 1000             |
+---------------------+------------------+
| obs                 | LatTwoPt         |
+---------------------+------------------+
| (p,q)               | ((8, 8), (8, 9)) |
+---------------------+------------------+
| (i,j)               | (0, 1)           |
+---------------------+------------------+
| (k,l)               | (0, 1)           |
+---------------------+------------------+
| SLURM_JOB_ID        | 48695            |
+---------------------+------------------+

