2025-02-12 17:15:31,224 - INFO: Used Parameters

+---------------------+----------+
| param               | value    |
+=====================+==========+
| device              | cuda:0   |
+---------------------+----------+
| L (lattice size)    | 64       |
+---------------------+----------+
| beta (coupling cst) | 4.0      |
+---------------------+----------+
| n (dimC CP)         | 2        |
+---------------------+----------+
| dim_g               | 8        |
+---------------------+----------+
| lr (learning rate)  | 1e-05    |
+---------------------+----------+
| batch size          | 128      |
+---------------------+----------+
| loss_fct            | rlogloss |
+---------------------+----------+
| epochs              | 1000     |
+---------------------+----------+
| obs                 | LatOnePt |
+---------------------+----------+
| p                   | (8, 8)   |
+---------------------+----------+
| (i,j)               | (0, 1)   |
+---------------------+----------+

