2025-02-10 11:12:17,173 - INFO: Start running DDP on rank 1

2025-02-10 11:12:17,173 - INFO: Start running DDP on rank 0

2025-02-10 11:12:56,631 - INFO: rank 0: reading samples..

2025-02-10 11:12:56,631 - INFO: rank 1: reading samples..

2025-02-10 11:12:56,926 - INFO: rank 0: preparing samples..

2025-02-10 11:12:56,926 - INFO: rank 1: preparing samples..

2025-02-10 11:12:57,086 - INFO: rank 0: starting training..

2025-02-10 11:12:57,086 - INFO: rank 1: starting training..

2025-02-10 11:14:35,178 - INFO: rank 0: ...finished.

2025-02-10 11:14:35,179 - INFO: rank 1: ...finished.

2025-02-10 11:14:35,744 - INFO: Saving data..

2025-02-10 11:14:35,746 - INFO: Used Parameters

+---------------------+----------+
| param               | value    |
+=====================+==========+
| device              | cuda:0   |
+---------------------+----------+
| L (lattice size)    | 64       |
+---------------------+----------+
| beta (coupling cst) | 4.0      |
+---------------------+----------+
| n (dimC CP)         | 2        |
+---------------------+----------+
| dim_g               | 8        |
+---------------------+----------+
| lr (learning rate)  | 1e-05    |
+---------------------+----------+
| batch size          | 128      |
+---------------------+----------+
| loss_fct            | rlogloss |
+---------------------+----------+
| epochs              | 1000     |
+---------------------+----------+
| obs                 | LatOnePt |
+---------------------+----------+
| p                   | (8, 8)   |
+---------------------+----------+
| (i,j)               | (0, 1)   |
+---------------------+----------+

